2025-03-03 18:34:12 - INFO - Initializing DummyFlickerDataset...
2025-03-03 18:34:12 - INFO - Initializing DummyFlickerDataset...
2025-03-03 18:34:12 - INFO - Initializing DummyFlickerDataset...
2025-03-03 18:34:12 - INFO - Initializing DummyFlickerDataset...
2025-03-03 18:34:12 - INFO - Initializing DummyHardNegativeDataset...
2025-03-03 18:34:12 - INFO - Initializing DummyHardNegativeDataset...
2025-03-03 18:34:12 - INFO - Initialized Multimodal Hard Negative Mining Controler.
2025-03-03 18:34:12 - INFO - Initialized Multimodal Hard Negative Mining Controler.
2025-03-03 18:35:20 - INFO - Initializing DummyFlickerDataset...
2025-03-03 18:35:20 - INFO - Initializing DummyFlickerDataset...
2025-03-03 18:35:21 - INFO - Initializing DummyFlickerDataset...
2025-03-03 18:35:21 - INFO - Initializing DummyFlickerDataset...
2025-03-03 18:35:21 - INFO - Initializing DummyHardNegativeDataset...
2025-03-03 18:35:21 - INFO - Initializing DummyHardNegativeDataset...
2025-03-03 18:35:21 - INFO - Initialized Multimodal Hard Negative Mining Controler.
2025-03-03 18:35:21 - INFO - Initialized Multimodal Hard Negative Mining Controler.
2025-03-03 18:36:51 - INFO - Initializing DummyFlickerDataset...
2025-03-03 18:36:51 - INFO - Initializing DummyFlickerDataset...
2025-03-03 18:36:51 - INFO - Initializing DummyFlickerDataset...
2025-03-03 18:36:51 - INFO - Initializing DummyFlickerDataset...
2025-03-03 18:36:51 - INFO - Initializing DummyHardNegativeDataset...
2025-03-03 18:36:51 - INFO - Initializing DummyHardNegativeDataset...
2025-03-03 18:36:51 - INFO - Initialized Multimodal Hard Negative Mining Controler.
2025-03-03 18:36:51 - INFO - Initialized Multimodal Hard Negative Mining Controler.
2025-03-03 18:37:32 - INFO - Initializing DummyHardNegativeDataset...
2025-03-03 18:37:32 - INFO - Initializing DummyHardNegativeDataset...
2025-03-03 18:37:32 - INFO - Initialized Multimodal Hard Negative Mining Controler.
2025-03-03 18:37:32 - INFO - Initialized Multimodal Hard Negative Mining Controler.
2025-03-03 18:40:24 - INFO - Initializing DummyFlickerDataset...
2025-03-03 18:40:25 - INFO - Initializing DummyFlickerDataset...
2025-03-03 18:40:25 - INFO - Initializing DummyHardNegativeDataset...
2025-03-03 18:40:25 - INFO - Initialized Multimodal Hard Negative Mining Controler.
2025-03-03 18:45:27 - INFO - Initializing DummyFlickerDataset...
2025-03-03 18:45:27 - INFO - Initializing DummyFlickerDataset...
2025-03-03 18:45:27 - INFO - Initializing DummyHardNegativeDataset...
2025-03-03 18:45:27 - INFO - Initialized Multimodal Hard Negative Mining Controler.
2025-03-03 18:51:03 - INFO - Initializing DummyFlickerDataset...
2025-03-03 18:51:03 - INFO - Initializing DummyFlickerDataset...
2025-03-03 18:51:03 - INFO - Initializing DummyHardNegativeDataset...
2025-03-03 18:51:03 - INFO - Initialized Multimodal Hard Negative Mining Controler.
2025-03-03 18:55:56 - INFO - Initializing DummyFlickerDataset...
2025-03-03 18:55:56 - INFO - Initializing DummyFlickerDataset...
2025-03-03 18:55:56 - INFO - Initializing DummyHardNegativeDataset...
2025-03-03 18:55:56 - INFO - Initialized Multimodal Hard Negative Mining Controler.
2025-03-03 18:56:32 - INFO - Initializing DummyFlickerDataset...
2025-03-03 18:56:32 - INFO - Initializing DummyFlickerDataset...
2025-03-03 18:56:32 - INFO - Initializing DummyHardNegativeDataset...
2025-03-03 18:56:32 - INFO - Initialized Multimodal Hard Negative Mining Controler.
2025-03-03 19:18:33 - INFO - Initializing DummyFlickerDataset...
2025-03-03 19:18:33 - INFO - Initializing DummyFlickerDataset...
2025-03-03 19:18:33 - INFO - Initializing DummyHardNegativeDataset...
2025-03-03 19:18:33 - INFO - Initialized Multimodal Hard Negative Mining Controler.
2025-03-03 19:18:33 - INFO - Initialized Multimodal Hard Negative Mining Controler.
2025-03-03 19:19:36 - INFO - Initializing DummyFlickerDataset...
2025-03-03 19:19:36 - INFO - Initializing DummyFlickerDataset...
2025-03-03 19:19:36 - INFO - Initializing DummyHardNegativeDataset...
2025-03-03 19:20:19 - INFO - Initializing DummyFlickerDataset...
2025-03-03 19:20:19 - INFO - Initializing DummyFlickerDataset...
2025-03-03 19:20:19 - INFO - Initializing DummyHardNegativeDataset...
2025-03-03 19:20:19 - INFO - Initialized Multimodal Hard Negative Mining Controler.
2025-03-03 19:20:19 - INFO - Initialized Multimodal Hard Negative Mining Controler.
2025-03-03 19:30:53 - INFO - Initializing DummyFlickerDataset...
2025-03-03 19:30:53 - INFO - Initializing DummyFlickerDataset...
2025-03-03 19:30:53 - INFO - Initializing DummyHardNegativeDataset...
2025-03-03 19:30:53 - INFO - Initialized Multimodal Hard Negative Mining Controler.
2025-03-03 19:30:53 - INFO - Initialized Multimodal Hard Negative Mining Controler.
2025-03-03 19:36:47 - INFO - Initializing DummyFlickerDataset...
2025-03-03 19:36:47 - INFO - Initializing DummyFlickerDataset...
2025-03-03 19:36:47 - INFO - Initializing DummyHardNegativeDataset...
2025-03-03 19:36:47 - INFO - Initialized Multimodal Hard Negative Mining Controler.
2025-03-03 19:36:48 - INFO - Initialized Multimodal Hard Negative Mining Controler.
2025-03-03 19:49:16 - INFO - Initializing DummyFlickerDataset...
2025-03-03 19:49:16 - INFO - Initializing DummyFlickerDataset...
2025-03-03 19:49:16 - INFO - Initializing DummyHardNegativeDataset...
2025-03-03 20:09:50 - INFO - Initializing DummyFlickerDataset...
2025-03-03 20:09:50 - INFO - Initializing DummyFlickerDataset...
2025-03-03 20:09:50 - INFO - Initializing DummyHardNegativeDataset...
2025-03-03 20:09:50 - INFO - Initialized Multimodal Hard Negative Mining Controler.
2025-03-03 20:09:50 - INFO - Initialized Multimodal Hard Negative Mining Controler.
2025-03-03 20:24:19 - INFO - Initializing DummyFlickerDataset...
2025-03-03 20:24:19 - INFO - Initializing DummyFlickerDataset...
2025-03-03 20:24:19 - INFO - Initializing DummyHardNegativeDataset...
2025-03-03 20:24:19 - INFO - Initialized Multimodal Hard Negative Mining Controler.
2025-03-03 15:23:09 - INFO - Initializing DummyFlickerDataset...
2025-03-03 15:23:09 - INFO - Initializing DummyFlickerDataset...
2025-03-03 15:23:09 - INFO - Initializing DummyHardNegativeDataset...
2025-03-03 15:23:09 - INFO - Initializing Multimodal Hard Negative Mining Controler.
2025-03-03 15:23:09 - INFO - Initializing Multimodal Hard Negative Mining Controler.
2025-03-03 15:40:05 - INFO - Initializing DummyFlickerDataset...
2025-03-03 15:40:05 - INFO - Initializing DummyFlickerDataset...
2025-03-03 15:40:05 - INFO - Initializing DummyHardNegativeDataset...
2025-03-03 15:40:05 - INFO - Initializing Multimodal Hard Negative Mining Controler.
2025-03-03 15:40:05 - INFO - Initializing Multimodal Hard Negative Mining Controler.
2025-03-03 15:40:49 - INFO - Start Modality-aware hard negative finetuning...
2025-03-03 15:42:12 - INFO - Finish Modality-aware hard negative finetuning.
2025-03-03 15:42:12 - INFO - Initializing DummyFlickerDataset...
2025-03-03 15:42:12 - INFO - Initializing DummyFlickerDataset...
2025-03-03 15:42:13 - INFO - Initializing DummyHardNegativeDataset...
2025-03-03 15:42:13 - INFO - Initializing Multimodal Hard Negative Mining Controler.
2025-03-03 15:42:13 - INFO - Initializing Multimodal Hard Negative Mining Controler.
2025-03-03 15:42:14 - INFO - Start text-to-text finetuning...
2025-03-03 15:42:31 - INFO - Finish text-to-text finetuning.
